#
# A fatal error has been detected by the Java Runtime Environment:
#
#  SIGSEGV (0xb) at pc=0x00007fff8d8028f2, pid=72026, tid=1811
#
# JRE version: Java(TM) SE Runtime Environment (8.0_25-b17) (build 1.8.0_25-b17)
# Java VM: Java HotSpot(TM) 64-Bit Server VM (25.25-b02 mixed mode bsd-amd64 compressed oops)
# Problematic frame:
# C  [libGPUSupportMercury.dylib+0xb8f2]  gldAttachDrawable+0x60
#
# Failed to write core dump. Core dumps have been disabled. To enable core dumping, try "ulimit -c unlimited" before starting Java again
#
# If you would like to submit a bug report, please visit:
#   http://bugreport.sun.com/bugreport/crash.jsp
# The crash happened outside the Java Virtual Machine in native code.
# See problematic frame for where to report the bug.
#

---------------  T H R E A D  ---------------

Current thread (0x00007fcbec01e000):  JavaThread "AppKit Thread" daemon [_thread_in_native, id=1811, stack(0x00007fff596a3000,0x00007fff59ea3000)]

siginfo: si_signo: 11 (SIGSEGV), si_code: 0 (unknown), si_addr: 0x0000000000000000

Registers:
RAX=0x6000000000000000, RBX=0x000000000000271e, RCX=0x0000000000000000, RDX=0x00007fcbebc7bf28
RSP=0x00007fff59e9c8e0, RBP=0x00007fff59e9c9e0, RSI=0x0000000000000050, RDI=0x00007fff7e115070
R8 =0x00007fcbef009e60, R9 =0x00007fcbee800000, R10=0x000000000000003c, R11=0x0000000000000206
R12=0x0000000000002718, R13=0x00007fcbed198800, R14=0x0000000000000050, R15=0x0000000000000000
RIP=0x00007fff8d8028f2, EFLAGS=0x0000000000010212, ERR=0x0000000000000000
  TRAPNO=0x000000000000000d

Top of Stack: (sp=0x00007fff59e9c8e0)
0x00007fff59e9c8e0:   00007fff59e9c954 00007fcbebc2fdd0
0x00007fff59e9c8f0:   ffffffffffffffff 0000206000000040
0x00007fff59e9c900:   00007fcbebc2fde8 00007fff9132269f
0x00007fff59e9c910:   0000000000000000 6000000000000000
0x00007fff59e9c920:   0000000300000003 00007fff59e9ca68
0x00007fff59e9c930:   00007fff59e9c9f4 0000000000029c8f
0x00007fff59e9c940:   00007fff59e9c9ec 00007fff59e9c9f0
0x00007fff59e9c950:   00007fff59e9c9d0 00007fff91884df0
0x00007fff59e9c960:   0000000000000000 00000000000056e7
0x00007fff59e9c970:   0000003400001200 0000040b00000000
0x00007fff59e9c980:   00007fff59e9c9b0 00007fff9183713e
0x00007fff59e9c990:   00007fff59e9ca28 00000000000056e7
0x00007fff59e9c9a0:   00007fff59e9c9e0 000000003180b0d2
0x00007fff59e9c9b0:   49001b7571ea0603 00007fcbef000000
0x00007fff59e9c9c0:   0000000000002718 0000000000000000
0x00007fff59e9c9d0:   0000000000000050 0000000000000000
0x00007fff59e9c9e0:   00007fff59e9ca30 00007fff952547e4
0x00007fff59e9c9f0:   00007fcbef009e60 0000000000000000
0x00007fff59e9ca00:   00007fcbebc7bf28 00007fcbebf22e90
0x00007fff59e9ca10:   0000000000000000 00007fcbed196750
0x00007fff59e9ca20:   00007fcbed194800 00007fff7e115070
0x00007fff59e9ca30:   00007fff59e9cb20 00007fff905c77ac
0x00007fff59e9ca40:   4090680000000000 4087980000000000
0x00007fff59e9ca50:   4057c00000000000 4089000000000000
0x00007fff59e9ca60:   4089b00000000000 0000000000000000
0x00007fff59e9ca70:   4036000000000000 4089000000000000
0x00007fff59e9ca80:   4089000000000000 0000000000000000
0x00007fff59e9ca90:   0000000000000000 0000000000000001
0x00007fff59e9caa0:   00007fcbebc7bf28 0000000000000001
0x00007fff59e9cab0:   00007fff59e9cb20 00007fff905cc64c
0x00007fff59e9cac0:   0000000100000003 00007fcbed196750
0x00007fff59e9cad0:   00007fcbed196688 000000029181ffff 

Instructions: (pc=0x00007fff8d8028f2)
0x00007fff8d8028d2:   48 85 d2 b8 01 00 00 00 bb 15 27 00 00 0f 44 d8
0x00007fff8d8028e2:   e9 7f 01 00 00 49 8b 45 08 48 89 85 38 ff ff ff
0x00007fff8d8028f2:   48 8b 00 48 89 85 30 ff ff ff 83 fe 4f 0f 8f fd
0x00007fff8d802902:   00 00 00 48 89 d0 bb 15 27 00 00 83 fe 35 0f 84 

Register to memory mapping:

RAX=0x6000000000000000 is an unknown value
RBX=0x000000000000271e is an unknown value
RCX=0x0000000000000000 is an unknown value
RDX=0x00007fcbebc7bf28 is an unknown value
RSP=0x00007fff59e9c8e0 is pointing into the stack for thread: 0x00007fcbec01e000
RBP=0x00007fff59e9c9e0 is pointing into the stack for thread: 0x00007fcbec01e000
RSI=0x0000000000000050 is an unknown value
RDI=0x00007fff7e115070: __stack_chk_guard+0 in /usr/lib/system/libsystem_c.dylib at 0x00007fff982c0000
R8 =0x00007fcbef009e60 is an unknown value
R9 =0x00007fcbee800000 is an unknown value
R10=0x000000000000003c is an unknown value
R11=0x0000000000000206 is an unknown value
R12=0x0000000000002718 is an unknown value
R13=0x00007fcbed198800 is an unknown value
R14=0x0000000000000050 is an unknown value
R15=0x0000000000000000 is an unknown value


Stack: [0x00007fff596a3000,0x00007fff59ea3000],  sp=0x00007fff59e9c8e0,  free space=8166k
Native frames: (J=compiled Java code, j=interpreted, Vv=VM code, C=native code)
C  [libGPUSupportMercury.dylib+0xb8f2]  gldAttachDrawable+0x60
C  [GLEngine+0x167e4]  gliAttachDrawableWithOptions+0x101
C  [OpenGL+0x37ac]  glcGetIOAccelService+0xe03
C  [OpenGL+0x73f3]  CGLSetPBuffer+0xb90
C  [OpenGL+0x7716]  CGLSetSurface+0x124
C  [AppKit+0x57bfe7]  NSOpenGLContextAttachOnScreenViewSurface+0x109
C  [AppKit+0x2c67fb]  -[NSOpenGLContext setView:]+0x83
C  [liblwjgl.dylib+0xa586]  -[MacOSXOpenGLView lockFocus]+0x76
C  [AppKit+0x14e8c5]  -[NSView _recursiveDisplayRectIfNeededIgnoringOpacity:isVisibleRect:rectIsVisibleRectForView:topView:]+0x740
C  [AppKit+0x14f920]  -[NSView _recursiveDisplayRectIfNeededIgnoringOpacity:isVisibleRect:rectIsVisibleRectForView:topView:]+0x179b
C  [AppKit+0x14dc73]  -[NSThemeFrame _recursiveDisplayRectIfNeededIgnoringOpacity:isVisibleRect:rectIsVisibleRectForView:topView:]+0x14d
C  [AppKit+0x14a7cb]  -[NSView _displayRectIgnoringOpacity:isVisibleRect:rectIsVisibleRectForView:]+0xac9
C  [AppKit+0x1291ca]  -[NSView displayIfNeeded]+0x754
C  [AppKit+0x1466c5]  -[NSWindow displayIfNeeded]+0xe8
C  [AppKit+0x1838c2]  _handleWindowNeedsDisplayOrLayoutOrUpdateConstraints+0x3a8
C  [Foundation+0x67023]  __NSFireTimer+0x5f
C  [CoreFoundation+0xb5b44]  __CFRUNLOOP_IS_CALLING_OUT_TO_A_TIMER_CALLBACK_FUNCTION__+0x14
C  [CoreFoundation+0xb57d3]  __CFRunLoopDoTimer+0x423
C  [CoreFoundation+0x128d9d]  __CFRunLoopDoTimers+0x12d
C  [CoreFoundation+0x72268]  __CFRunLoopRun+0x7e8
C  [CoreFoundation+0x71838]  CFRunLoopRunSpecific+0x128
C  [HIToolbox+0x2e43f]  RunCurrentEventLoopInMode+0xeb
C  [HIToolbox+0x2e1ba]  ReceiveNextEventCommon+0x1af
C  [HIToolbox+0x2dffb]  _BlockUntilNextEventMatchingListInModeWithFilter+0x47
C  [AppKit+0x24821]  _DPSNextEvent+0x3c4
C  [AppKit+0x23fd0]  -[NSApplication nextEventMatchingMask:untilDate:inMode:dequeue:]+0xc2
C  [libosxapp.dylib+0x242a]  -[NSApplicationAWT nextEventMatchingMask:untilDate:inMode:dequeue:]+0x7c
C  [AppKit+0x17f73]  -[NSApplication run]+0x252
C  [libosxapp.dylib+0x223e]  +[NSApplicationAWT runAWTLoopWithApp:]+0x9c
C  [libawt_lwawt.dylib+0x4494f]  -[AWTStarter starter:]+0x389
C  [Foundation+0x65f4c]  __NSThreadPerformPerform+0x125
C  [CoreFoundation+0x80661]  __CFRUNLOOP_IS_CALLING_OUT_TO_A_SOURCE0_PERFORM_FUNCTION__+0x11
C  [CoreFoundation+0x727ed]  __CFRunLoopDoSources0+0x10d
C  [CoreFoundation+0x71e1f]  __CFRunLoopRun+0x39f
C  [CoreFoundation+0x71838]  CFRunLoopRunSpecific+0x128
C  [java+0x56cc]  CreateExecutionEnvironment+0x367
C  [java+0x165c]  JLI_Launch+0x7a0
C  [java+0x768a]  main+0x65
C  [java+0xeb4]  start+0x34
C  0x0000000000000006


---------------  P R O C E S S  ---------------

Java Threads: ( => current thread )
  0x00007fcbec043800 JavaThread "AWT-Shutdown" [_thread_blocked, id=12859, stack(0x0000000124eb3000,0x0000000124fb3000)]
=>0x00007fcbec01e000 JavaThread "AppKit Thread" daemon [_thread_in_native, id=1811, stack(0x00007fff596a3000,0x00007fff59ea3000)]
  0x00007fcbed80a800 JavaThread "Service Thread" daemon [_thread_blocked, id=17923, stack(0x000000011f328000,0x000000011f428000)]
  0x00007fcbed03a000 JavaThread "C1 CompilerThread2" daemon [_thread_blocked, id=17411, stack(0x000000011f225000,0x000000011f325000)]
  0x00007fcbed039000 JavaThread "C2 CompilerThread1" daemon [_thread_blocked, id=16899, stack(0x000000011f122000,0x000000011f222000)]
  0x00007fcbed032800 JavaThread "C2 CompilerThread0" daemon [_thread_blocked, id=16387, stack(0x000000011f01f000,0x000000011f11f000)]
  0x00007fcbed032000 JavaThread "Signal Dispatcher" daemon [_thread_blocked, id=12303, stack(0x000000011ef1c000,0x000000011f01c000)]
  0x00007fcbec80a800 JavaThread "Finalizer" daemon [_thread_blocked, id=11523, stack(0x000000011d666000,0x000000011d766000)]
  0x00007fcbec80a000 JavaThread "Reference Handler" daemon [_thread_blocked, id=11011, stack(0x000000011d563000,0x000000011d663000)]
  0x00007fcbed800800 JavaThread "main" [_thread_in_native, id=4867, stack(0x0000000105e73000,0x0000000105f73000)]

Other Threads:
  0x00007fcbed813800 VMThread [stack: 0x000000011d460000,0x000000011d560000] [id=10499]
  0x00007fcbec80b800 WatcherThread [stack: 0x000000011f42b000,0x000000011f52b000] [id=18435]

VM state:not at safepoint (normal execution)

VM Mutex/Monitor currently owned by a thread: None

Heap:
 PSYoungGen      total 38400K, used 7344K [0x0000000795580000, 0x0000000798000000, 0x00000007c0000000)
  eden space 33280K, 22% used [0x0000000795580000,0x0000000795cac098,0x0000000797600000)
  from space 5120K, 0% used [0x0000000797b00000,0x0000000797b00000,0x0000000798000000)
  to   space 5120K, 0% used [0x0000000797600000,0x0000000797600000,0x0000000797b00000)
 ParOldGen       total 87552K, used 0K [0x0000000740000000, 0x0000000745580000, 0x0000000795580000)
  object space 87552K, 0% used [0x0000000740000000,0x0000000740000000,0x0000000745580000)
 Metaspace       used 5701K, capacity 5849K, committed 6016K, reserved 1056768K
  class space    used 580K, capacity 629K, committed 640K, reserved 1048576K

Card table byte_map: [0x0000000116adc000,0x0000000116edd000] byte_map_base: 0x00000001130dc000

Marking Bits: (ParMarkBitMap*) 0x000000010709d390
 Begin Bits: [0x0000000117594000, 0x0000000119594000)
 End Bits:   [0x0000000119594000, 0x000000011b594000)

Polling page: 0x0000000105fb7000

CodeCache: size=245760Kb used=2020Kb max_used=2031Kb free=243739Kb
 bounds [0x000000010771c000, 0x000000010798c000, 0x000000011671c000]
 total_blobs=808 nmethods=469 adapters=254
 compilation: enabled

Compilation events (10 events):
Event: 46.736 Thread 0x00007fcbed03a000  463       3       java.nio.Buffer::clear (20 bytes)
Event: 46.737 Thread 0x00007fcbed03a000 nmethod 463 0x00000001079147d0 code [0x0000000107914920, 0x0000000107914a90]
Event: 61.757 Thread 0x00007fcbed03a000  464       3       java.nio.ByteBuffer::array (35 bytes)
Event: 61.758 Thread 0x00007fcbed03a000 nmethod 464 0x0000000107914b10 code [0x0000000107914ca0, 0x0000000107914f98]
Event: 64.765 Thread 0x00007fcbed03a000  465       3       java.io.PrintStream::ensureOpen (18 bytes)
Event: 64.766 Thread 0x00007fcbed03a000 nmethod 465 0x00000001079150d0 code [0x0000000107915240, 0x0000000107915468]
Event: 64.766 Thread 0x00007fcbed03a000  466       3       java.io.BufferedWriter::ensureOpen (18 bytes)
Event: 64.767 Thread 0x00007fcbed03a000 nmethod 466 0x0000000107915510 code [0x0000000107915680, 0x00000001079158a8]
Event: 64.767 Thread 0x00007fcbed03a000  467       1       sun.nio.cs.StreamEncoder::isOpen (5 bytes)
Event: 64.767 Thread 0x00007fcbed03a000 nmethod 467 0x0000000107915950 code [0x0000000107915aa0, 0x0000000107915bb0]

GC Heap History (0 events):
No events

Deoptimization events (0 events):
No events

Internal exceptions (10 events):
Event: 0.508 Thread 0x00007fcbed800800 Exception <a 'java/security/PrivilegedActionException'> (0x0000000795acb980) thrown at [/HUDSON3/workspace/8-2-build-macosx-x86_64/jdk8u25/1514/hotspot/src/share/vm/prims/jvm.cpp, line 1312]
Event: 0.509 Thread 0x00007fcbed800800 Exception <a 'java/security/PrivilegedActionException'> (0x0000000795ad1640) thrown at [/HUDSON3/workspace/8-2-build-macosx-x86_64/jdk8u25/1514/hotspot/src/share/vm/prims/jvm.cpp, line 1312]
Event: 0.509 Thread 0x00007fcbed800800 Exception <a 'java/security/PrivilegedActionException'> (0x0000000795ad49d8) thrown at [/HUDSON3/workspace/8-2-build-macosx-x86_64/jdk8u25/1514/hotspot/src/share/vm/prims/jvm.cpp, line 1312]
Event: 0.514 Thread 0x00007fcbed800800 Exception <a 'java/security/PrivilegedActionException'> (0x0000000795ad8190) thrown at [/HUDSON3/workspace/8-2-build-macosx-x86_64/jdk8u25/1514/hotspot/src/share/vm/prims/jvm.cpp, line 1312]
Event: 0.521 Thread 0x00007fcbed800800 Exception <a 'java/security/PrivilegedActionException'> (0x0000000795b10d70) thrown at [/HUDSON3/workspace/8-2-build-macosx-x86_64/jdk8u25/1514/hotspot/src/share/vm/prims/jvm.cpp, line 1312]
Event: 0.568 Thread 0x00007fcbed800800 Exception <a 'java/security/PrivilegedActionException'> (0x0000000795b80e70) thrown at [/HUDSON3/workspace/8-2-build-macosx-x86_64/jdk8u25/1514/hotspot/src/share/vm/prims/jvm.cpp, line 1312]
Event: 0.568 Thread 0x00007fcbed800800 Exception <a 'java/security/PrivilegedActionException'> (0x0000000795b84760) thrown at [/HUDSON3/workspace/8-2-build-macosx-x86_64/jdk8u25/1514/hotspot/src/share/vm/prims/jvm.cpp, line 1312]
Event: 0.576 Thread 0x00007fcbed800800 Exception <a 'java/security/PrivilegedActionException'> (0x0000000795b87a00) thrown at [/HUDSON3/workspace/8-2-build-macosx-x86_64/jdk8u25/1514/hotspot/src/share/vm/prims/jvm.cpp, line 1312]
Event: 0.578 Thread 0x00007fcbed800800 Exception <a 'java/security/PrivilegedActionException'> (0x0000000795b8d650) thrown at [/HUDSON3/workspace/8-2-build-macosx-x86_64/jdk8u25/1514/hotspot/src/share/vm/prims/jvm.cpp, line 1312]
Event: 0.578 Thread 0x00007fcbed800800 Exception <a 'java/security/PrivilegedActionException'> (0x0000000795b8f1b0) thrown at [/HUDSON3/workspace/8-2-build-macosx-x86_64/jdk8u25/1514/hotspot/src/share/vm/prims/jvm.cpp, line 1312]

Events (10 events):
Event: 69.895 Executing VM operation: RevokeBias
Event: 69.895 Executing VM operation: RevokeBias done
Event: 69.895 Thread 0x00007fcbed847000 Thread exited: 0x00007fcbed847000
Event: 72.043 Thread 0x00007fcbec043800 Thread added: 0x00007fcbec043800
Event: 73.594 Executing VM operation: RevokeBias
Event: 73.595 Executing VM operation: RevokeBias done
Event: 73.595 Thread 0x00007fcbec043800 Thread exited: 0x00007fcbec043800
Event: 75.055 Thread 0x00007fcbec043800 Thread added: 0x00007fcbec043800
Event: 76.030 loading class org/lwjgl/opengl/CallbackUtil
Event: 76.030 loading class org/lwjgl/opengl/CallbackUtil done


Dynamic libraries:
0x000000000c288000 	/System/Library/Frameworks/Cocoa.framework/Versions/A/Cocoa
0x000000000c288000 	/System/Library/Frameworks/Security.framework/Versions/A/Security
0x000000000c288000 	/System/Library/Frameworks/ApplicationServices.framework/Versions/A/ApplicationServices
0x000000000c288000 	/usr/lib/libz.1.dylib
0x000000000c288000 	/usr/lib/libSystem.B.dylib
0x000000000c288000 	/usr/lib/libobjc.A.dylib
0x000000000c288000 	/System/Library/Frameworks/CoreFoundation.framework/Versions/A/CoreFoundation
0x000000000c288000 	/System/Library/Frameworks/Foundation.framework/Versions/C/Foundation
0x000000000c288000 	/System/Library/Frameworks/AppKit.framework/Versions/C/AppKit
0x000000000c288000 	/System/Library/Frameworks/CoreData.framework/Versions/A/CoreData
0x000000000c288000 	/System/Library/PrivateFrameworks/RemoteViewServices.framework/Versions/A/RemoteViewServices
0x000000000c288000 	/System/Library/PrivateFrameworks/UIFoundation.framework/Versions/A/UIFoundation
0x000000000c288000 	/System/Library/Frameworks/IOSurface.framework/Versions/A/IOSurface
0x000000000c288000 	/System/Library/Frameworks/AudioToolbox.framework/Versions/A/AudioToolbox
0x000000000c288000 	/System/Library/Frameworks/AudioUnit.framework/Versions/A/AudioUnit
0x000000000c288000 	/System/Library/PrivateFrameworks/DataDetectorsCore.framework/Versions/A/DataDetectorsCore
0x000000000c288000 	/System/Library/PrivateFrameworks/DesktopServicesPriv.framework/Versions/A/DesktopServicesPriv
0x000000000c288000 	/System/Library/Frameworks/Carbon.framework/Versions/A/Frameworks/HIToolbox.framework/Versions/A/HIToolbox
0x000000000c288000 	/System/Library/Frameworks/QuartzCore.framework/Versions/A/QuartzCore
0x000000000c288000 	/System/Library/Frameworks/Carbon.framework/Versions/A/Frameworks/SpeechRecognition.framework/Versions/A/SpeechRecognition
0x000000000c288000 	/usr/lib/libauto.dylib
0x000000000c288000 	/usr/lib/libicucore.A.dylib
0x000000000c288000 	/usr/lib/libxml2.2.dylib
0x000000000c288000 	/System/Library/PrivateFrameworks/CoreUI.framework/Versions/A/CoreUI
0x000000000c288000 	/System/Library/Frameworks/CoreAudio.framework/Versions/A/CoreAudio
0x000000000c288000 	/System/Library/Frameworks/DiskArbitration.framework/Versions/A/DiskArbitration
0x000000000c288000 	/usr/lib/liblangid.dylib
0x000000000c288000 	/System/Library/PrivateFrameworks/MultitouchSupport.framework/Versions/A/MultitouchSupport
0x000000000c288000 	/System/Library/Frameworks/IOKit.framework/Versions/A/IOKit
0x000000000c288000 	/usr/lib/libDiagnosticMessagesClient.dylib
0x000000000c288000 	/System/Library/Frameworks/CoreServices.framework/Versions/A/CoreServices
0x000000000c288000 	/System/Library/PrivateFrameworks/PerformanceAnalysis.framework/Versions/A/PerformanceAnalysis
0x000000000c288000 	/System/Library/PrivateFrameworks/GenerationalStorage.framework/Versions/A/GenerationalStorage
0x000000000c288000 	/System/Library/Frameworks/OpenGL.framework/Versions/A/OpenGL
0x000000000c288000 	/System/Library/PrivateFrameworks/Sharing.framework/Versions/A/Sharing
0x000000000c288000 	/System/Library/Frameworks/CoreGraphics.framework/Versions/A/CoreGraphics
0x000000000c288000 	/System/Library/Frameworks/CoreText.framework/Versions/A/CoreText
0x000000000c288000 	/System/Library/Frameworks/ImageIO.framework/Versions/A/ImageIO
0x000000000c288000 	/usr/lib/libextension.dylib
0x000000000c288000 	/System/Library/PrivateFrameworks/Backup.framework/Versions/A/Backup
0x000000000c288000 	/usr/lib/libarchive.2.dylib
0x000000000c288000 	/System/Library/Frameworks/CFNetwork.framework/Versions/A/CFNetwork
0x000000000c288000 	/System/Library/Frameworks/SystemConfiguration.framework/Versions/A/SystemConfiguration
0x000000000c288000 	/usr/lib/libCRFSuite.dylib
0x000000000c288000 	/usr/lib/libc++.1.dylib
0x000000000c288000 	/usr/lib/libc++abi.dylib
0x000000000c288000 	/usr/lib/system/libcache.dylib
0x000000000c288000 	/usr/lib/system/libcommonCrypto.dylib
0x000000000c288000 	/usr/lib/system/libcompiler_rt.dylib
0x000000000c288000 	/usr/lib/system/libcopyfile.dylib
0x000000000c288000 	/usr/lib/system/libcorecrypto.dylib
0x000000000c288000 	/usr/lib/system/libdispatch.dylib
0x000000000c288000 	/usr/lib/system/libdyld.dylib
0x000000000c288000 	/usr/lib/system/libkeymgr.dylib
0x000000000c288000 	/usr/lib/system/liblaunch.dylib
0x000000000c288000 	/usr/lib/system/libmacho.dylib
0x000000000c288000 	/usr/lib/system/libquarantine.dylib
0x000000000c288000 	/usr/lib/system/libremovefile.dylib
0x000000000c288000 	/usr/lib/system/libsystem_asl.dylib
0x000000000c288000 	/usr/lib/system/libsystem_blocks.dylib
0x000000000c288000 	/usr/lib/system/libsystem_c.dylib
0x000000000c288000 	/usr/lib/system/libsystem_configuration.dylib
0x000000000c288000 	/usr/lib/system/libsystem_coreservices.dylib
0x000000000c288000 	/usr/lib/system/libsystem_coretls.dylib
0x000000000c288000 	/usr/lib/system/libsystem_dnssd.dylib
0x000000000c288000 	/usr/lib/system/libsystem_info.dylib
0x000000000c288000 	/usr/lib/system/libsystem_kernel.dylib
0x000000000c288000 	/usr/lib/system/libsystem_m.dylib
0x000000000c288000 	/usr/lib/system/libsystem_malloc.dylib
0x000000000c288000 	/usr/lib/system/libsystem_network.dylib
0x000000000c288000 	/usr/lib/system/libsystem_networkextension.dylib
0x000000000c288000 	/usr/lib/system/libsystem_notify.dylib
0x000000000c288000 	/usr/lib/system/libsystem_platform.dylib
0x000000000c288000 	/usr/lib/system/libsystem_pthread.dylib
0x000000000c288000 	/usr/lib/system/libsystem_sandbox.dylib
0x000000000c288000 	/usr/lib/system/libsystem_secinit.dylib
0x000000000c288000 	/usr/lib/system/libsystem_stats.dylib
0x000000000c288000 	/usr/lib/system/libsystem_trace.dylib
0x000000000c288000 	/usr/lib/system/libunc.dylib
0x000000000c288000 	/usr/lib/system/libunwind.dylib
0x000000000c288000 	/usr/lib/system/libxpc.dylib
0x000000000c288000 	/usr/lib/libbz2.1.0.dylib
0x000000000c288000 	/usr/lib/liblzma.5.dylib
0x000000000c288000 	/usr/lib/libbsm.0.dylib
0x000000000c288000 	/usr/lib/libsqlite3.dylib
0x000000000c288000 	/usr/lib/system/libkxld.dylib
0x000000000c288000 	/usr/lib/libxar.1.dylib
0x000000000c288000 	/usr/lib/libpam.2.dylib
0x000000000c288000 	/usr/lib/libOpenScriptingUtil.dylib
0x000000000c288000 	/System/Library/Frameworks/CoreServices.framework/Versions/A/Frameworks/FSEvents.framework/Versions/A/FSEvents
0x000000000c288000 	/System/Library/Frameworks/CoreServices.framework/Versions/A/Frameworks/CarbonCore.framework/Versions/A/CarbonCore
0x000000000c288000 	/System/Library/Frameworks/CoreServices.framework/Versions/A/Frameworks/Metadata.framework/Versions/A/Metadata
0x000000000c288000 	/System/Library/Frameworks/CoreServices.framework/Versions/A/Frameworks/OSServices.framework/Versions/A/OSServices
0x000000000c288000 	/System/Library/Frameworks/CoreServices.framework/Versions/A/Frameworks/SearchKit.framework/Versions/A/SearchKit
0x000000000c288000 	/System/Library/Frameworks/CoreServices.framework/Versions/A/Frameworks/AE.framework/Versions/A/AE
0x000000000c288000 	/System/Library/Frameworks/CoreServices.framework/Versions/A/Frameworks/LaunchServices.framework/Versions/A/LaunchServices
0x000000000c288000 	/System/Library/Frameworks/CoreServices.framework/Versions/A/Frameworks/DictionaryServices.framework/Versions/A/DictionaryServices
0x000000000c288000 	/System/Library/Frameworks/NetFS.framework/Versions/A/NetFS
0x000000000c288000 	/System/Library/PrivateFrameworks/NetAuth.framework/Versions/A/NetAuth
0x000000000c288000 	/System/Library/PrivateFrameworks/login.framework/Versions/A/Frameworks/loginsupport.framework/Versions/A/loginsupport
0x000000000c288000 	/System/Library/PrivateFrameworks/TCC.framework/Versions/A/TCC
0x000000000c288000 	/usr/lib/libmecabra.dylib
0x000000000c288000 	/System/Library/PrivateFrameworks/LanguageModeling.framework/Versions/A/LanguageModeling
0x000000000c288000 	/usr/lib/libcmph.dylib
0x000000000c288000 	/usr/lib/libiconv.2.dylib
0x000000000c288000 	/System/Library/Frameworks/OpenDirectory.framework/Versions/A/Frameworks/CFOpenDirectory.framework/Versions/A/CFOpenDirectory
0x000000000c288000 	/System/Library/Frameworks/ServiceManagement.framework/Versions/A/ServiceManagement
0x000000000c288000 	/usr/lib/libxslt.1.dylib
0x000000000c288000 	/System/Library/Frameworks/Carbon.framework/Versions/A/Frameworks/Ink.framework/Versions/A/Ink
0x000000000c288000 	/System/Library/Frameworks/ApplicationServices.framework/Versions/A/Frameworks/ATS.framework/Versions/A/ATS
0x000000000c288000 	/System/Library/Frameworks/ApplicationServices.framework/Versions/A/Frameworks/ColorSync.framework/Versions/A/ColorSync
0x000000000c288000 	/System/Library/Frameworks/ApplicationServices.framework/Versions/A/Frameworks/HIServices.framework/Versions/A/HIServices
0x000000000c288000 	/System/Library/Frameworks/ApplicationServices.framework/Versions/A/Frameworks/LangAnalysis.framework/Versions/A/LangAnalysis
0x000000000c288000 	/System/Library/Frameworks/ApplicationServices.framework/Versions/A/Frameworks/PrintCore.framework/Versions/A/PrintCore
0x000000000c288000 	/System/Library/Frameworks/ApplicationServices.framework/Versions/A/Frameworks/QD.framework/Versions/A/QD
0x000000000c288000 	/System/Library/Frameworks/ApplicationServices.framework/Versions/A/Frameworks/SpeechSynthesis.framework/Versions/A/SpeechSynthesis
0x000000000c288000 	/System/Library/Frameworks/Accelerate.framework/Versions/A/Accelerate
0x000000000c288000 	/System/Library/Frameworks/Accelerate.framework/Versions/A/Frameworks/vImage.framework/Versions/A/vImage
0x000000000c288000 	/System/Library/Frameworks/Accelerate.framework/Versions/A/Frameworks/vecLib.framework/Versions/A/vecLib
0x000000000c288000 	/System/Library/Frameworks/Accelerate.framework/Versions/A/Frameworks/vecLib.framework/Versions/A/libvDSP.dylib
0x000000000c288000 	/System/Library/Frameworks/Accelerate.framework/Versions/A/Frameworks/vecLib.framework/Versions/A/libvMisc.dylib
0x000000000c288000 	/System/Library/Frameworks/Accelerate.framework/Versions/A/Frameworks/vecLib.framework/Versions/A/libLAPACK.dylib
0x000000000c288000 	/System/Library/Frameworks/Accelerate.framework/Versions/A/Frameworks/vecLib.framework/Versions/A/libBLAS.dylib
0x000000000c288000 	/System/Library/Frameworks/Accelerate.framework/Versions/A/Frameworks/vecLib.framework/Versions/A/libLinearAlgebra.dylib
0x000000000c288000 	/System/Library/Frameworks/ApplicationServices.framework/Versions/A/Frameworks/ATS.framework/Versions/A/Resources/libFontParser.dylib
0x000000000c288000 	/System/Library/Frameworks/ApplicationServices.framework/Versions/A/Frameworks/ATS.framework/Versions/A/Resources/libFontRegistry.dylib
0x000000000c288000 	/System/Library/PrivateFrameworks/AppleVPA.framework/Versions/A/AppleVPA
0x000000000c288000 	/System/Library/PrivateFrameworks/AppleJPEG.framework/Versions/A/AppleJPEG
0x000000000c288000 	/System/Library/Frameworks/ImageIO.framework/Versions/A/Resources/libJPEG.dylib
0x000000000c288000 	/System/Library/Frameworks/ImageIO.framework/Versions/A/Resources/libTIFF.dylib
0x000000000c288000 	/System/Library/Frameworks/ImageIO.framework/Versions/A/Resources/libPng.dylib
0x000000000c288000 	/System/Library/Frameworks/ImageIO.framework/Versions/A/Resources/libGIF.dylib
0x000000000c288000 	/System/Library/Frameworks/ImageIO.framework/Versions/A/Resources/libJP2.dylib
0x000000000c288000 	/System/Library/Frameworks/ImageIO.framework/Versions/A/Resources/libRadiance.dylib
0x000000000c288000 	/System/Library/Frameworks/CoreVideo.framework/Versions/A/CoreVideo
0x000000000c288000 	/System/Library/Frameworks/OpenGL.framework/Versions/A/Libraries/libGLU.dylib
0x000000000c288000 	/System/Library/Frameworks/OpenGL.framework/Versions/A/Libraries/libGFXShared.dylib
0x000000000c288000 	/System/Library/Frameworks/OpenGL.framework/Versions/A/Libraries/libGL.dylib
0x000000000c288000 	/System/Library/Frameworks/OpenGL.framework/Versions/A/Libraries/libGLImage.dylib
0x000000000c288000 	/System/Library/Frameworks/OpenGL.framework/Versions/A/Libraries/libCVMSPluginSupport.dylib
0x000000000c288000 	/System/Library/Frameworks/OpenGL.framework/Versions/A/Libraries/libCoreVMClient.dylib
0x000000000c288000 	/usr/lib/libcups.2.dylib
0x000000000c288000 	/System/Library/Frameworks/Kerberos.framework/Versions/A/Kerberos
0x000000000c288000 	/System/Library/Frameworks/GSS.framework/Versions/A/GSS
0x000000000c288000 	/usr/lib/libresolv.9.dylib
0x000000000c288000 	/System/Library/PrivateFrameworks/Heimdal.framework/Versions/A/Heimdal
0x000000000c288000 	/usr/lib/libheimdal-asn1.dylib
0x000000000c288000 	/System/Library/Frameworks/OpenDirectory.framework/Versions/A/OpenDirectory
0x000000000c288000 	/System/Library/PrivateFrameworks/CommonAuth.framework/Versions/A/CommonAuth
0x000000000c288000 	/System/Library/Frameworks/SecurityFoundation.framework/Versions/A/SecurityFoundation
0x000000000c288000 	/System/Library/Frameworks/QuartzCore.framework/Versions/A/Frameworks/CoreImage.framework/Versions/A/CoreImage
0x000000000c288000 	/System/Library/PrivateFrameworks/CrashReporterSupport.framework/Versions/A/CrashReporterSupport
0x000000000c288000 	/System/Library/Frameworks/OpenCL.framework/Versions/A/OpenCL
0x000000000c288000 	/System/Library/PrivateFrameworks/FaceCore.framework/Versions/A/FaceCore
0x000000000c288000 	/System/Library/PrivateFrameworks/Ubiquity.framework/Versions/A/Ubiquity
0x000000000c288000 	/System/Library/PrivateFrameworks/IconServices.framework/Versions/A/IconServices
0x000000000c288000 	/System/Library/PrivateFrameworks/ChunkingLibrary.framework/Versions/A/ChunkingLibrary
0x000000000c288000 	/System/Library/PrivateFrameworks/Apple80211.framework/Versions/A/Apple80211
0x000000000c288000 	/System/Library/Frameworks/CoreWLAN.framework/Versions/A/CoreWLAN
0x000000000c288000 	/System/Library/Frameworks/IOBluetooth.framework/Versions/A/IOBluetooth
0x000000000c288000 	/System/Library/PrivateFrameworks/CoreWiFi.framework/Versions/A/CoreWiFi
0x000000000c288000 	/System/Library/Frameworks/CoreBluetooth.framework/Versions/A/CoreBluetooth
0x000000000c288000 	/System/Library/PrivateFrameworks/DebugSymbols.framework/Versions/A/DebugSymbols
0x000000000c288000 	/System/Library/PrivateFrameworks/CoreSymbolication.framework/Versions/A/CoreSymbolication
0x000000000c288000 	/System/Library/PrivateFrameworks/Symbolication.framework/Versions/A/Symbolication
0x000000000c288000 	/System/Library/PrivateFrameworks/SpeechRecognitionCore.framework/Versions/A/SpeechRecognitionCore
0x0000000106800000 	/Library/Java/JavaVirtualMachines/jdk1.8.0_25.jdk/Contents/Home/jre/lib/server/libjvm.dylib
0x000000000c288000 	/usr/lib/libstdc++.6.dylib
0x0000000105f75000 	/Library/Java/JavaVirtualMachines/jdk1.8.0_25.jdk/Contents/Home/jre/lib/libverify.dylib
0x0000000105f83000 	/Library/Java/JavaVirtualMachines/jdk1.8.0_25.jdk/Contents/Home/jre/lib/libjava.dylib
0x0000000105fc1000 	/Library/Java/JavaVirtualMachines/jdk1.8.0_25.jdk/Contents/Home/jre/lib/libzip.dylib
0x000000011d768000 	/System/Library/Frameworks/JavaVM.framework/Frameworks/JavaRuntimeSupport.framework/JavaRuntimeSupport
0x000000011d77e000 	/System/Library/Frameworks/JavaVM.framework/Versions/A/Frameworks/JavaNativeFoundation.framework/Versions/A/JavaNativeFoundation
0x0000000105ff3000 	/System/Library/Frameworks/JavaVM.framework/Versions/A/JavaVM
0x000000000c288000 	/System/Library/Frameworks/Carbon.framework/Versions/A/Carbon
0x000000011d792000 	/System/Library/PrivateFrameworks/JavaLaunching.framework/Versions/A/JavaLaunching
0x000000000c288000 	/System/Library/Frameworks/Carbon.framework/Versions/A/Frameworks/CommonPanels.framework/Versions/A/CommonPanels
0x000000000c288000 	/System/Library/Frameworks/Carbon.framework/Versions/A/Frameworks/Help.framework/Versions/A/Help
0x000000000c288000 	/System/Library/Frameworks/Carbon.framework/Versions/A/Frameworks/ImageCapture.framework/Versions/A/ImageCapture
0x000000000c288000 	/System/Library/Frameworks/Carbon.framework/Versions/A/Frameworks/OpenScripting.framework/Versions/A/OpenScripting
0x000000000c288000 	/System/Library/Frameworks/Carbon.framework/Versions/A/Frameworks/Print.framework/Versions/A/Print
0x000000000c288000 	/System/Library/Frameworks/Carbon.framework/Versions/A/Frameworks/SecurityHI.framework/Versions/A/SecurityHI
0x000000011f53d000 	/Library/Java/JavaVirtualMachines/jdk1.8.0_25.jdk/Contents/Home/jre/lib/libawt.dylib
0x000000011f5ec000 	/Library/Java/JavaVirtualMachines/jdk1.8.0_25.jdk/Contents/Home/jre/lib/./libmlib_image.dylib
0x000000011f6b8000 	/Library/Java/JavaVirtualMachines/jdk1.8.0_25.jdk/Contents/Home/jre/lib/libawt_lwawt.dylib
0x000000011f76b000 	/Library/Java/JavaVirtualMachines/jdk1.8.0_25.jdk/Contents/Home/jre/lib/./libosxapp.dylib
0x000000000c288000 	/System/Library/Frameworks/ExceptionHandling.framework/Versions/A/ExceptionHandling
0x000000000c288000 	/System/Library/PrivateFrameworks/CoreServicesInternal.framework/Versions/A/CoreServicesInternal
0x000000000c288000 	/System/Library/PrivateFrameworks/CloudDocs.framework/Versions/A/CloudDocs
0x000000000c288000 	/System/Library/PrivateFrameworks/CoreDuet.framework/Versions/A/CoreDuet
0x000000000c288000 	/System/Library/Frameworks/CloudKit.framework/Versions/A/CloudKit
0x000000000c288000 	/System/Library/PrivateFrameworks/ProtocolBuffer.framework/Versions/A/ProtocolBuffer
0x000000000c288000 	/System/Library/PrivateFrameworks/CoreDuetDaemonProtocol.framework/Versions/A/CoreDuetDaemonProtocol
0x000000000c288000 	/System/Library/PrivateFrameworks/CoreDuetDebugLogging.framework/Versions/A/CoreDuetDebugLogging
0x000000000c288000 	/System/Library/Frameworks/CoreLocation.framework/Versions/A/CoreLocation
0x000000000c288000 	/System/Library/Frameworks/Accounts.framework/Versions/A/Accounts
0x000000000c288000 	/System/Library/PrivateFrameworks/ApplePushService.framework/Versions/A/ApplePushService
0x000000000c288000 	/System/Library/PrivateFrameworks/GeoServices.framework/Versions/A/GeoServices
0x000000000c288000 	/System/Library/PrivateFrameworks/OAuth.framework/Versions/A/OAuth
0x000000000c288000 	/System/Library/PrivateFrameworks/CoreDaemon.framework/Versions/B/CoreDaemon
0x000000000c288000 	/usr/lib/libcrypto.0.9.8.dylib
0x000000000c288000 	/System/Library/PrivateFrameworks/AppleSRP.framework/Versions/A/AppleSRP
0x000000000c288000 	/System/Library/PrivateFrameworks/TrustEvaluationAgent.framework/Versions/A/TrustEvaluationAgent
0x000000000c288000 	/System/Library/Frameworks/CoreGraphics.framework/Versions/A/Resources/libCGCMS.A.dylib
0x000000000c288000 	/System/Library/Frameworks/CoreGraphics.framework/Versions/A/Resources/libRIP.A.dylib
0x000000000c288000 	/System/Library/Frameworks/CoreGraphics.framework/Versions/A/Resources/libCGXType.A.dylib
0x000000000c288000 	/System/Library/Frameworks/OpenCL.framework/Versions/A/Libraries/libcldcpuengine.dylib
0x000000000c288000 	/System/Library/PrivateFrameworks/DiskImages.framework/Versions/A/DiskImages
0x000000000c288000 	/System/Library/Frameworks/DiscRecording.framework/Versions/A/DiscRecording
0x000000000c288000 	/usr/lib/libcsfde.dylib
0x000000000c288000 	/usr/lib/libcurl.4.dylib
0x000000000c288000 	/System/Library/PrivateFrameworks/MediaKit.framework/Versions/A/MediaKit
0x000000000c288000 	/System/Library/PrivateFrameworks/ProtectedCloudStorage.framework/Versions/A/ProtectedCloudStorage
0x000000000c288000 	/usr/lib/libCoreStorage.dylib
0x000000000c288000 	/System/Library/PrivateFrameworks/EFILogin.framework/Versions/A/EFILogin
0x000000000c288000 	/usr/lib/libutil.dylib
0x000000000c288000 	/System/Library/PrivateFrameworks/FindMyDevice.framework/Versions/A/FindMyDevice
0x000000000c288000 	/System/Library/Frameworks/LDAP.framework/Versions/A/LDAP
0x000000000c288000 	/usr/lib/libsasl2.2.dylib
0x0000000122756000 	cl_kernels
0x0000000122758000 	/System/Library/Frameworks/OpenCL.framework/Versions/A/Libraries/ImageFormats/unorm8_bgra.dylib
0x0000000122748000 	cl_kernels
0x000000000c288000 	/System/Library/PrivateFrameworks/FamilyControls.framework/Versions/A/FamilyControls
0x000000000c288000 	/System/Library/PrivateFrameworks/CommerceKit.framework/Versions/A/Frameworks/CommerceCore.framework/Versions/A/CommerceCore
0x000000000c288000 	/System/Library/PrivateFrameworks/SystemAdministration.framework/Versions/A/SystemAdministration
0x000000000c288000 	/System/Library/PrivateFrameworks/AppContainer.framework/Versions/A/AppContainer
0x000000000c288000 	/System/Library/PrivateFrameworks/SecCodeWrapper.framework/Versions/A/SecCodeWrapper
0x000000000c288000 	/System/Library/Frameworks/DirectoryService.framework/Versions/A/DirectoryService
0x000000000c288000 	/System/Library/PrivateFrameworks/LoginUIKit.framework/Versions/A/Frameworks/LoginUICore.framework/Versions/A/LoginUICore
0x000000000c288000 	/usr/lib/libodfde.dylib
0x0000000123990000 	/Library/Java/JavaVirtualMachines/jdk1.8.0_25.jdk/Contents/Home/jre/lib/libfontmanager.dylib
0x00000001239f7000 	/Users/ziyadparekh/java/external/lwjgl2/native/macosx/liblwjgl.dylib
0x0000000121b9f000 	/Library/Java/JavaVirtualMachines/jdk1.8.0_25.jdk/Contents/Home/jre/lib/libjawt.dylib
0x000000000c288000 	/System/Library/Frameworks/OpenGL.framework/Versions/A/Resources/GLEngine.bundle/GLEngine
0x000000000c288000 	/System/Library/Frameworks/OpenGL.framework/Versions/A/Libraries/libGLProgrammability.dylib
0x0000000000000000 	/System/Library/Extensions/AppleIntelHD5000GraphicsGLDriver.bundle/Contents/MacOS/AppleIntelHD5000GraphicsGLDriver
0x000000000c288000 	/System/Library/PrivateFrameworks/IOAccelerator.framework/Versions/A/IOAccelerator
0x000000000c288000 	/System/Library/PrivateFrameworks/GPUSupport.framework/Versions/A/Libraries/libGPUSupportMercury.dylib
0x000000000c288000 	/System/Library/Frameworks/OpenGL.framework/Versions/A/Resources/GLRendererFloat.bundle/GLRendererFloat

VM Arguments:
jvm_args: -Djava.library.path=/Users/ziyadparekh/java/external/lwjgl2/native/macosx -Dfile.encoding=UTF-8 
java_command: com.shockwave.engine.MainComponent
java_class_path (initial): /Users/ziyadparekh/java/workspace/shockwave/bin:/Users/ziyadparekh/java/external/slick_util/lwjgl.jar:/Users/ziyadparekh/java/external/slick_util/slick-util.jar
Launcher Type: SUN_STANDARD

Environment Variables:
PATH=/usr/bin:/bin:/usr/sbin:/sbin
SHELL=/bin/zsh

Signal Handlers:
SIGSEGV: [libjvm.dylib+0x579dc7], sa_mask[0]=11111111011111110111111111111111, sa_flags=SA_ONSTACK|SA_RESTART|SA_SIGINFO
SIGBUS: [libjvm.dylib+0x579dc7], sa_mask[0]=11111111011111110111111111111111, sa_flags=SA_RESTART|SA_SIGINFO
SIGFPE: [libjvm.dylib+0x45b030], sa_mask[0]=11111111011111110111111111111111, sa_flags=SA_RESTART|SA_SIGINFO
SIGPIPE: [libjvm.dylib+0x45b030], sa_mask[0]=11111111011111110111111111111111, sa_flags=SA_RESTART|SA_SIGINFO
SIGXFSZ: [libjvm.dylib+0x45b030], sa_mask[0]=11111111011111110111111111111111, sa_flags=SA_RESTART|SA_SIGINFO
SIGILL: [libjvm.dylib+0x45b030], sa_mask[0]=11111111011111110111111111111111, sa_flags=SA_RESTART|SA_SIGINFO
SIGUSR1: SIG_DFL, sa_mask[0]=00000000000000000000000000000000, sa_flags=none
SIGUSR2: [libjvm.dylib+0x45ab4e], sa_mask[0]=00100000000000000000000000000000, sa_flags=SA_RESTART|SA_SIGINFO
SIGHUP: [libjvm.dylib+0x459121], sa_mask[0]=11111111011111110111111111111111, sa_flags=SA_RESTART|SA_SIGINFO
SIGINT: [libjvm.dylib+0x459121], sa_mask[0]=11111111011111110111111111111111, sa_flags=SA_RESTART|SA_SIGINFO
SIGTERM: [libjvm.dylib+0x459121], sa_mask[0]=11111111011111110111111111111111, sa_flags=SA_RESTART|SA_SIGINFO
SIGQUIT: [libjvm.dylib+0x459121], sa_mask[0]=11111111011111110111111111111111, sa_flags=SA_RESTART|SA_SIGINFO


---------------  S Y S T E M  ---------------

OS:Bsduname:Darwin 14.0.0 Darwin Kernel Version 14.0.0: Fri Sep 19 00:26:44 PDT 2014; root:xnu-2782.1.97~2/RELEASE_X86_64 x86_64
rlimit: STACK 8192k, CORE 0k, NPROC 709, NOFILE 10240, AS infinity
load average:2.92 2.46 2.69

CPU:total 4 (2 cores per cpu, 2 threads per core) family 6 model 69 stepping 1, cmov, cx8, fxsr, mmx, sse, sse2, sse3, ssse3, sse4.1, sse4.2, popcnt, avx, avx2, aes, clmul, erms, lzcnt, ht, tsc, tscinvbit, bmi1, bmi2

Memory: 4k page, physical 8388608k(1940120k free)

/proc/meminfo:


vm_info: Java HotSpot(TM) 64-Bit Server VM (25.25-b02) for bsd-amd64 JRE (1.8.0_25-b17), built on Sep 17 2014 16:56:50 by "java_re" with gcc 4.2.1 (Based on Apple Inc. build 5658) (LLVM build 2336.11.00)

time: Mon Sep  7 18:54:38 2015
elapsed time: 76 seconds (0d 0h 1m 16s)

